>Cluster 0
0	30690nt, >KY417150.1... *1	30669nt, >KT444582.1... at +/0.
981904
>Cluster 1
0	30688nt, >KF367457.1... *1	30165nt, >KC881006.1... at +/0.
978783
>Cluster 2
0	30686nt, >KY417151.1... *
>Cluster 3
0	30635nt, >MK211376.1... *1	30496nt, >OK017851.1... at +/0.
9780952	30496nt, >OK017850.1... at +/0.9781943	30495nt, >OK0
17849.1... at +/0.979767
>Cluster 4
0	30591nt, >MK211378.1... *
>Cluster 5
0	30496nt, >OK017847.1... *
>Cluster 6
0	30386nt, >OK017848.1... *
>Cluster 7
0	30277nt, >HG994854.1... *1	30277nt, >HG994857.1... at +/0.
9797542	30277nt, >HG994855.1... at +/0.979952
>Cluster 8
0	30277nt, >HG994858.1... *
>Cluster 9
0	30277nt, >HG994859.1... *
>Cluster 10
0	30277nt, >HG994856.1... *
>Cluster 11
0	30277nt, >HG994860.1... *
>Cluster 12
0	30275nt, >HG994853.1... *
>Cluster 13
0	30274nt, >HG994852.1... *
>Cluster 14
0	30248nt, >MK062183.1... *1	30248nt, >MK062184.1... at +/0.
9856852	30071nt, >AY394983.1... at +/0.9725983	30059nt, >FJ8
82938.1... at +/0.9726544	30059nt, >FJ882927.1... at +/0.972
6215	30059nt, >FJ882930.1... at +/0.9725876	30059nt, >FJ8829
28.1... at +/0.970997	30054nt, >FJ882963.1... at +/0.9702548
	30019nt, >FJ882933.1... at +/0.9727519	30019nt, >FJ882937.1
... at +/0.97231810	30018nt, >FJ882949.1... at +/0.9714511	3
0018nt, >FJ882935.1... at +/0.97188412	30018nt, >FJ882934.1.
.. at +/0.97108413	30017nt, >JX163927.1... at +/0.97061714	3
0017nt, >JX163926.1... at +/0.9713515	30017nt, >JX163923.1..
. at +/0.97131616	30017nt, >JX163925.1... at +/0.97021717	30
017nt, >JX163928.1... at +/0.97058318	30017nt, >JX163924.1..
. at +/0.9709519	30017nt, >FJ882936.1... at +/0.97108320	300
17nt, >FJ882939.1... at +/0.97091621	30017nt, >FJ882932.1...
 at +/0.9706522	30015nt, >GU553363.1... at +/0.97194723	3001
5nt, >GU553365.1... at +/0.97131424	29987nt, >FJ882947.1... 
at +/0.971221
>Cluster 15
0	30229nt, >MN996532.2... *
>Cluster 16
0	30205nt, >MW251308.1... *
>Cluster 17
0	30179nt, >MT040335.1... *1	30178nt, >MT040333.1... at +/0.
9817752	30175nt, >MT040336.1... at +/0.979818
>Cluster 18
0	30178nt, >KF569996.1... *
>Cluster 19
0	30175nt, >MG772933.1... *
>Cluster 20
0	30174nt, >MT040334.1... *
>Cluster 21
0	30168nt, >MT072864.1... *
>Cluster 22
0	30166nt, >MZ081381.1... *
>Cluster 23
0	30160nt, >KC881005.1... *
>Cluster 24
0	30155nt, >KY417146.1... *
>Cluster 25
0	30154nt, >MT782115.1... *1	30154nt, >MT782114.1... at +/0.
987299
>Cluster 26
0	30143nt, >KY417144.1... *
>Cluster 27
0	30142nt, >KY417152.1... *
>Cluster 28
0	30140nt, >AY559083.1... *1	30138nt, >AY394994.1... at +/0.
9724932	30138nt, >AY394995.1... at +/0.9708343	30123nt, >DQ8
98174.1... at +/0.9746714	30123nt, >AY864806.1... at +/0.971
9155	30123nt, >NC_004718.3... at +/0.9734426	30123nt, >AY323
977.2... at +/0.9744387	30123nt, >AY864805.1... at +/0.97297
78	30117nt, >AY357076.1... at +/0.9749319	30114nt, >AY278491
.2... at +/0.97167410	30113nt, >AY485277.1... at +/0.9731011
1	30112nt, >AY485278.1... at +/0.97479412	30112nt, >AY310120
.1... at +/0.973313	30110nt, >AY357075.1... at +/0.97572214	
30110nt, >AY350750.1... at +/0.97519115	30108nt, >AY278554.2
... at +/0.97399416	30108nt, >AY394998.1... at +/0.97585417	
30108nt, >AY394993.1... at +/0.9741618	30108nt, >AY394992.1.
.. at +/0.97535519	30108nt, >AY394991.1... at +/0.97479120	3
0108nt, >AY282752.2... at +/0.97552121	30108nt, >AY394990.1.
.. at +/0.97552122	30108nt, >AY394989.1... at +/0.97535523	3
0108nt, >AY345986.1... at +/0.97548824	30108nt, >AY345988.1.
.. at +/0.97522325	30104nt, >AY279354.2... at +/0.97325926	3
0103nt, >EU371559.1... at +/0.97432127	30101nt, >AY291451.1.
.. at +/0.9753528	30101nt, >AY502928.1... at +/0.97528329	30
101nt, >AY502926.1... at +/0.97402130	30101nt, >AY502923.1..
. at +/0.97405431	30101nt, >AY502932.1... at +/0.9733932	301
01nt, >AY502930.1... at +/0.97461933	30101nt, >AY502929.1...
 at +/0.97465234	30101nt, >AY502927.1... at +/0.97471835	301
01nt, >AY502931.1... at +/0.97402136	30100nt, >AY394850.2...
 at +/0.97202737	30099nt, >JQ316196.1... at +/0.97521538	300
99nt, >AY714217.1... at +/0.9748539	30099nt, >AP006561.1... 
at +/0.97411940	30099nt, >AY278741.1... at +/0.97358741	3009
9nt, >AY362699.1... at +/0.97471742	30099nt, >AP006560.1... 
at +/0.97345443	30099nt, >AP006559.1... at +/0.97325544	3009
9nt, >AP006557.1... at +/0.97468445	30099nt, >MK062179.1... 
at +/0.97272346	30099nt, >JN854286.1... at +/0.97455147	3009
9nt, >AY291315.1... at +/0.9737248	30099nt, >AY502924.1... a
t +/0.97056449	30097nt, >AY321118.1... at +/0.97514750	30097
nt, >AP006558.1... at +/0.97461551	30097nt, >AY278488.2... a
t +/0.97411752	30097nt, >AY559090.1... at +/0.97139253	30094
nt, >AY559084.1... at +/0.9766454	30092nt, >AY559096.1... at
 +/0.97677155	30092nt, >AY304495.1... at +/0.9737856	30091nt
, >AY559095.1... at +/0.97613957	30088nt, >AY559081.1... at 
+/0.97819758	30088nt, >AY559087.1... at +/0.97710159	30087nt
, >AY461660.1... at +/0.97184860	30087nt, >AY559097.1... at 
+/0.97105161	30086nt, >AY559088.1... at +/0.97414162	30085nt
, >AY559085.1... at +/0.976363	30085nt, >AY559092.1... at +/
0.97420664	30084nt, >AY559093.1... at +/0.97686565	30083nt, 
>AY427439.1... at +/0.97729666	30083nt, >AY283796.1... at +/
0.97739667	30083nt, >AY283794.1... at +/0.97619968	30083nt, 
>AY283798.2... at +/0.97480369	30082nt, >AY559091.1... at +/
0.9732470	30078nt, >AY283797.1... at +/0.9767671	30078nt, >D
Q182595.1... at +/0.97416772	30077nt, >AY283795.1... at +/0.
97636173	29973nt, >EU371563.1... at +/0.9703474	29973nt, >EU
371561.1... at +/0.9702475	29947nt, >AY559094.1... at +/0.97
612476	29943nt, >AY348314.1... at +/0.97405177	29943nt, >AY3
38174.1... at +/0.97495278	29943nt, >AY338175.1... at +/0.97
334979	29717nt, >AY394999.1... at +/0.98485780	29717nt, >AY3
95002.1... at +/0.98435281	29717nt, >AY395000.1... at +/0.98
4386
>Cluster 29
0	30138nt, >MW703458.1... *
>Cluster 30
0	30132nt, >AY390556.1... *1	30117nt, >AY278487.3... at +/0.
9769572	30103nt, >EU371560.1... at +/0.9732583	30101nt, >AY3
94986.1... at +/0.9775754	30099nt, >DQ497008.1... at +/0.976
715	30099nt, >MK062180.1... at +/0.9766116	30099nt, >MK06218
1.1... at +/0.9746847	30099nt, >MK062182.1... at +/0.9726578
	30018nt, >AY395003.1... at +/0.9767479	30016nt, >AY394979.1
... at +/0.97038210	29973nt, >EU371562.1... at +/0.972675
>Cluster 31
0	30129nt, >AY278489.2... *1	30081nt, >AY394987.1... at +/0.
9705132	30032nt, >AY559086.1... at +/0.975493
>Cluster 32
0	30126nt, >AY313906.1... *1	30088nt, >AY595412.1... at +/0.
9725472	30046nt, >FJ882926.1... at +/0.973374
>Cluster 33
0	30121nt, >AY351680.1... *
>Cluster 34
0	30121nt, >DQ412043.1... *
>Cluster 35
0	30118nt, >DQ640652.1... *1	30017nt, >JF292915.1... at +/0.
9712162	30017nt, >JF292909.1... at +/0.971253	30017nt, >HQ89
0541.1... at +/0.971254	30017nt, >JF292906.1... at +/0.97055
5	30017nt, >HQ890538.1... at +/0.9712166	30017nt, >HQ890535.
1... at +/0.970657	30017nt, >HQ890529.1... at +/0.9706838	30
017nt, >HQ890526.1... at +/0.9713169	30017nt, >FJ882940.1...
 at +/0.9704510	30017nt, >JF292905.1... at +/0.9710511	30016
nt, >JF292903.1... at +/0.97061612	30016nt, >HQ890532.1... a
t +/0.97134913	30016nt, >HQ890531.1... at +/0.971249
>Cluster 36
0	30117nt, >AY654624.1... *1	30041nt, >AY559082.1... at +/0.
9812592	30019nt, >FJ882953.1... at +/0.972184
>Cluster 37
0	30115nt, >KY417148.1... *
>Cluster 38
0	30115nt, >KY417149.1... *
>Cluster 39
0	30113nt, >AY304486.1... *1	30103nt, >AY304488.1... at +/0.
9841882	30055nt, >AY394996.1... at +/0.973948
>Cluster 40
0	30113nt, >KY417147.1... *
>Cluster 41
0	30113nt, >KY417143.1... *
>Cluster 42
0	30113nt, >DQ648857.1... *
>Cluster 43
0	30112nt, >AY278490.3... *1	30003nt, >AB257344.1... at +/0.
971303
>Cluster 44
0	30111nt, >AY545919.1... *1	30102nt, >AY613948.1... at +/0.
9744542	30102nt, >AY568539.1... at +/0.9712643	30102nt, >AY6
13949.1... at +/0.9743874	30102nt, >AY613947.1... at +/0.973
4245	30100nt, >AY613950.1... at +/0.9755816	30066nt, >FJ9594
07.1... at +/0.9715967	30055nt, >AY572038.1... at +/0.976377
8	29887nt, >AY572035.1... at +/0.9756429	29868nt, >AY686863.
1... at +/0.974689
>Cluster 45
0	30111nt, >AY545917.1... *
>Cluster 46
0	30109nt, >MZ081379.1... *
>Cluster 47
0	30109nt, >AY545918.1... *1	30093nt, >AY545916.1... at +/0.
985645
>Cluster 48
0	30108nt, >DQ071615.1... *
>Cluster 49
0	30106nt, >MZ081377.1... *
>Cluster 50
0	30104nt, >MG772934.1... *
>Cluster 51
0	30103nt, >AY515512.1... *1	30095nt, >AY545914.1... at +/0.
984881
>Cluster 52
0	30102nt, >MT308984.1... *
>Cluster 53
0	30100nt, >DQ022305.2... *1	30076nt, >GQ153540.1... at +/0.
9820122	30076nt, >GQ153539.1... at +/0.9819123	30076nt, >GQ1
53541.1... at +/0.981414
>Cluster 54
0	30097nt, >KY417142.1... *
>Cluster 55
0	30095nt, >KP886808.1... *1	30095nt, >KP886809.1... at +/0.
982655
>Cluster 56
0	30093nt, >FJ882951.1... *1	30093nt, >FJ882962.1... at +/0.
986942	30093nt, >FJ882942.1... at +/0.9858113	30093nt, >FJ88
2959.1... at +/0.9842824	30092nt, >FJ882957.1... at +/0.9848
85	30092nt, >FJ882961.1... at +/0.983556	30092nt, >FJ882952.
1... at +/0.9841827	30092nt, >FJ882948.1... at +/0.9830858	3
0092nt, >FJ882958.1... at +/0.9841159	30092nt, >FJ882945.1..
. at +/0.98414910	30092nt, >FJ882943.1... at +/0.98471411	30
018nt, >JF292922.1... at +/0.97301612	30017nt, >FJ882931.1..
. at +/0.9759813	30017nt, >FJ882955.1... at +/0.9764814	3001
7nt, >FJ882960.1... at +/0.97338215	30017nt, >FJ882950.1... 
at +/0.97511416	30015nt, >FJ882956.1... at +/0.97514617	3000
7nt, >FJ882954.1... at +/0.97237318	29999nt, >FJ882944.1... 
at +/0.972999
>Cluster 57
0	30090nt, >LC556375.1... *
>Cluster 58
0	30089nt, >AY559089.1... *
>Cluster 59
0	30089nt, >MZ081382.1... *
>Cluster 60
0	30088nt, >GQ153542.1... *1	30053nt, >GQ153543.1... at +/0.
97561
>Cluster 61
0	30087nt, >AY297028.1... *
>Cluster 62
0	30087nt, >AY545915.1... *
>Cluster 63
0	30084nt, >MZ081376.1... *1	30084nt, >MZ081380.1... at +/0.
9853412	30084nt, >MZ081378.1... at +/0.985175
>Cluster 64
0	30083nt, >DQ084200.1... *1	30059nt, >DQ084199.1... at +/0.
984697
>Cluster 65
0	30082nt, >KY417145.1... *
>Cluster 66
0	30081nt, >DQ412042.1... *
>Cluster 67
0	30076nt, >DQ648856.1... *
>Cluster 68
0	30076nt, >GQ153547.1... *
>Cluster 69
0	30070nt, >MK211375.1... *
>Cluster 70
0	30067nt, >GQ153546.1... *1	30067nt, >GQ153545.1... at +/0.
9840022	30067nt, >GQ153544.1... at +/0.984102
>Cluster 71
0	30061nt, >MK211377.1... *
>Cluster 72
0	30061nt, >KF514407.1... *1	30060nt, >JX162087.1... at +/0.
981337
>Cluster 73
0	30060nt, >KY770858.1... *1	30038nt, >KY770859.1... at +/0.
983055
>Cluster 74
0	30048nt, >GQ153548.1... *
>Cluster 75
0	30036nt, >FJ882941.1... *1	30036nt, >FJ882929.1... at +/0.
982987
>Cluster 76
0	30029nt, >KJ473814.1... *
>Cluster 77
0	30022nt, >KY770860.1... *
>Cluster 78
0	30019nt, >MK211374.1... *
>Cluster 79
0	30011nt, >AY394978.1... *
>Cluster 80
0	29988nt, >OK017806.1... *
>Cluster 81
0	29972nt, >OK017803.1... *
>Cluster 82
0	29962nt, >OK017804.1... *
>Cluster 83
0	29962nt, >AY463059.1... *
>Cluster 84
0	29941nt, >OK017805.1... *
>Cluster 85
0	29922nt, >OK017801.1... *
>Cluster 86
0	29922nt, >OK017820.1... *1	29920nt, >OK017821.1... at +/0.
9854952	29920nt, >OK017818.1... at +/0.9865983	29920nt, >OK0
17817.1... at +/0.9865984	29920nt, >OK017816.1... at +/0.986
5645	29920nt, >OK017814.1... at +/0.982626	29920nt, >OK01781
5.1... at +/0.985127
>Cluster 87
0	29921nt, >OK017825.1... *
>Cluster 88
0	29920nt, >OK017837.1... *
>Cluster 89
0	29920nt, >OK017828.1... *
>Cluster 90
0	29918nt, >OK017826.1... *
>Cluster 91
0	29917nt, >OK017827.1... *
>Cluster 92
0	29914nt, >OK017802.1... *
>Cluster 93
0	29911nt, >OK017835.1... *
>Cluster 94
0	29911nt, >OK017860.1... *
>Cluster 95
0	29910nt, >AY572034.1... *
>Cluster 96
0	29907nt, >OK017840.1... *
>Cluster 97
0	29907nt, >OK017843.1... *
>Cluster 98
0	29907nt, >OK017792.1... *
>Cluster 99
0	29907nt, >OK017819.1... *1	29907nt, >OK017813.1... at +/0.
986358
>Cluster 100
0	29907nt, >OK017824.1... *
>Cluster 101
0	29905nt, >OK017836.1... *
>Cluster 102
0	29904nt, >OK017833.1... *
>Cluster 103
0	29900nt, >AY394985.1... *
>Cluster 104
0	29898nt, >OK017839.1... *
>Cluster 105
0	29898nt, >OK017834.1... *
>Cluster 106
0	29895nt, >AY686864.1... *
>Cluster 107
0	29891nt, >MT121216.1... *
>Cluster 108
0	29886nt, >OK017832.1... *
>Cluster 109
0	29884nt, >OK017812.1... *
>Cluster 110
0	29881nt, >EU371564.1... *
>Cluster 111
0	29881nt, >OK017822.1... *
>Cluster 112
0	29881nt, >OK017823.1... *
>Cluster 113
0	29879nt, >OK017809.1... *
>Cluster 114
0	29876nt, >OK017859.1... *
>Cluster 115
0	29854nt, >OK017858.1... *
>Cluster 116
0	29853nt, >JX993987.1... *
>Cluster 117
0	29851nt, >OK017838.1... *
>Cluster 118
0	29834nt, >OK017807.1... *
>Cluster 119
0	29830nt, >AY772062.1... *
>Cluster 120
0	29830nt, >KJ473813.1... *
>Cluster 121
0	29823nt, >OK017811.1... *
>Cluster 122
0	29821nt, >JX993988.1... *
>Cluster 123
0	29819nt, >OK017845.1... *
>Cluster 124
0	29816nt, >OK017844.1... *
>Cluster 125
0	29812nt, >KJ473812.1... *
>Cluster 126
0	29807nt, >OK017810.1... *
>Cluster 127
0	29794nt, >OK017846.1... *
>Cluster 128
0	29760nt, >OK017829.1... *
>Cluster 129
0	29757nt, >OK017808.1... *
>Cluster 130
0	29749nt, >OK017831.1... *
>Cluster 131
0	29737nt, >OK017855.1... *1	29737nt, >OK017853.1... at +/0.
987022	29736nt, >OK017854.1... at +/0.9748123	29499nt, >OK01
7856.1... at +/0.985796
>Cluster 132
0	29733nt, >OK017852.1... *
>Cluster 133
0	29717nt, >OK017841.1... *
>Cluster 134
0	29704nt, >OK017842.1... *
>Cluster 135
0	29696nt, >OK017830.1... *
>Cluster 136
0	29691nt, >MW719567.1... *
>Cluster 137
0	29677nt, >OK017793.1... *
>Cluster 138
0	29642nt, >GU190215.1... *
>Cluster 139
0	29640nt, >KY352407.1... *
>Cluster 140
0	29612nt, >MT726045.1... *
>Cluster 141
0	29609nt, >MT726043.1... *
>Cluster 142
0	29586nt, >MZ190138.1... *
>Cluster 143
0	29548nt, >OK017857.1... *
>Cluster 144
0	29533nt, >OK017799.1... *1	29532nt, >OK017794.1... at +/0.
985947
>Cluster 145
0	29532nt, >OK017800.1... *1	29532nt, >OK017798.1... at +/0.
9825612	29532nt, >OK017795.1... at +/0.981613
>Cluster 146
0	29532nt, >OK017797.1... *
>Cluster 147
0	29526nt, >KJ473815.1... *
>Cluster 148
0	29507nt, >KJ473816.1... *
>Cluster 149
0	29439nt, >KY938558.1... *
>Cluster 150
0	29423nt, >FJ588686.1... *
>Cluster 151
0	29400nt, >KJ473811.1... *
>Cluster 152
0	29376nt, >AY463060.1... *
>Cluster 153
0	29239nt, >MZ190137.1... *
>Cluster 154
0	29121nt, >KU182964.1... *
>Cluster 155
0	28946nt, >OK017796.1... *
